        -:    0:Source:/home/home/CLionProjects/estructurasDatos/main.cpp
        -:    0:Graph:/home/home/CLionProjects/estructurasDatos/cmake-build-debug-coverage/CMakeFiles/estructurasDatos.dir/main.cpp.gcno
        -:    0:Data:/home/home/CLionProjects/estructurasDatos/cmake-build-debug-coverage/CMakeFiles/estructurasDatos.dir/main.cpp.gcda
        -:    0:Runs:1
        -:    1:
        -:    2:#include "Hash/Terminales.h"
        -:    3:
        -:    4:
function main called 1 returned 100% blocks executed 46%
        1:    5:int main() {
        -:    6:
        1:    7:    list<Terminal> lista;
        1:    7-block  0
la llamada  0 devuelve 1
        -:    8:
        1:    9:    Terminal Ret = {"RE", "Terminal Retiro Argentina", 100.10, 5, 100, 100};
la llamada  0 devuelve 1
la llamada  1 devuelve 1
ramificación  2 tomada 1 (fallthrough)
ramificación  3 tomada 0 (throw)
        1:    9-block  0
la llamada  4 devuelve 1
la llamada  5 devuelve 1
ramificación  6 tomada 1 (fallthrough)
ramificación  7 tomada 0 (throw)
        1:    9-block  1
la llamada  8 devuelve 1
la llamada  9 devuelve 1
    $$$$$:    9-block  2
la llamada 10 nunca se ejecuta
    $$$$$:    9-block  3
    $$$$$:    9-block  4
la ramificacion 11 nunca se ejecuta
la ramificacion 12 nunca se ejecuta
    $$$$$:    9-block  5
la llamada 13 nunca se ejecuta
    $$$$$:    9-block  6
la llamada 14 nunca se ejecuta
    $$$$$:    9-block  7
        1:   10:    Terminal Eze = {"EZ", "Terminal Ezeiza Argentina", 100.10, 5, 100, 100};
la llamada  0 devuelve 1
la llamada  1 devuelve 1
ramificación  2 tomada 1 (fallthrough)
ramificación  3 tomada 0 (throw)
        1:   10-block  0
la llamada  4 devuelve 1
la llamada  5 devuelve 1
ramificación  6 tomada 1 (fallthrough)
ramificación  7 tomada 0 (throw)
        1:   10-block  1
la llamada  8 devuelve 1
la llamada  9 devuelve 1
    $$$$$:   10-block  2
la llamada 10 nunca se ejecuta
    $$$$$:   10-block  3
    $$$$$:   10-block  4
la ramificacion 11 nunca se ejecuta
la ramificacion 12 nunca se ejecuta
    $$$$$:   10-block  5
la llamada 13 nunca se ejecuta
    $$$$$:   10-block  6
la llamada 14 nunca se ejecuta
    $$$$$:   10-block  7
        1:   11:    Terminal Mvd = {"MVD", "Terminal Montevideo Uruguay", 100.10, 5, 100, 100};
la llamada  0 devuelve 1
la llamada  1 devuelve 1
ramificación  2 tomada 1 (fallthrough)
ramificación  3 tomada 0 (throw)
        1:   11-block  0
la llamada  4 devuelve 1
la llamada  5 devuelve 1
ramificación  6 tomada 1 (fallthrough)
ramificación  7 tomada 0 (throw)
        1:   11-block  1
la llamada  8 devuelve 1
la llamada  9 devuelve 1
    $$$$$:   11-block  2
la llamada 10 nunca se ejecuta
    $$$$$:   11-block  3
    $$$$$:   11-block  4
la ramificacion 11 nunca se ejecuta
la ramificacion 12 nunca se ejecuta
    $$$$$:   11-block  5
la llamada 13 nunca se ejecuta
    $$$$$:   11-block  6
la llamada 14 nunca se ejecuta
    $$$$$:   11-block  7
        1:   12:    Terminal Scl = {"SCL", "Terminal Santiago Chile", 100.10, 5, 100, 100};
la llamada  0 devuelve 1
la llamada  1 devuelve 1
ramificación  2 tomada 1 (fallthrough)
ramificación  3 tomada 0 (throw)
        1:   12-block  0
la llamada  4 devuelve 1
la llamada  5 devuelve 1
ramificación  6 tomada 1 (fallthrough)
ramificación  7 tomada 0 (throw)
        1:   12-block  1
la llamada  8 devuelve 1
la llamada  9 devuelve 1
    $$$$$:   12-block  2
la llamada 10 nunca se ejecuta
    $$$$$:   12-block  3
    $$$$$:   12-block  4
la ramificacion 11 nunca se ejecuta
la ramificacion 12 nunca se ejecuta
    $$$$$:   12-block  5
la llamada 13 nunca se ejecuta
    $$$$$:   12-block  6
la llamada 14 nunca se ejecuta
    $$$$$:   12-block  7
        1:   13:    Terminal Ret2 = {"ER", "Terminal Retiro Argentina", 100.10, 5, 100, 100};
la llamada  0 devuelve 1
la llamada  1 devuelve 1
ramificación  2 tomada 1 (fallthrough)
ramificación  3 tomada 0 (throw)
        1:   13-block  0
la llamada  4 devuelve 1
la llamada  5 devuelve 1
ramificación  6 tomada 1 (fallthrough)
ramificación  7 tomada 0 (throw)
        1:   13-block  1
la llamada  8 devuelve 1
la llamada  9 devuelve 1
    $$$$$:   13-block  2
la llamada 10 nunca se ejecuta
    $$$$$:   13-block  3
    $$$$$:   13-block  4
la ramificacion 11 nunca se ejecuta
la ramificacion 12 nunca se ejecuta
    $$$$$:   13-block  5
la llamada 13 nunca se ejecuta
    $$$$$:   13-block  6
la llamada 14 nunca se ejecuta
    $$$$$:   13-block  7
        1:   14:    Terminal Fco = {"FCO", "Terminal Fco Argentina", 100.10, 5, 100, 100};
la llamada  0 devuelve 1
la llamada  1 devuelve 1
ramificación  2 tomada 1 (fallthrough)
ramificación  3 tomada 0 (throw)
        1:   14-block  0
la llamada  4 devuelve 1
la llamada  5 devuelve 1
ramificación  6 tomada 1 (fallthrough)
ramificación  7 tomada 0 (throw)
        1:   14-block  1
la llamada  8 devuelve 1
la llamada  9 devuelve 1
    $$$$$:   14-block  2
la llamada 10 nunca se ejecuta
    $$$$$:   14-block  3
    $$$$$:   14-block  4
la ramificacion 11 nunca se ejecuta
la ramificacion 12 nunca se ejecuta
    $$$$$:   14-block  5
la llamada 13 nunca se ejecuta
    $$$$$:   14-block  6
la llamada 14 nunca se ejecuta
    $$$$$:   14-block  7
        -:   15:
        1:   16:    lista.push_back(Ret);
la llamada  0 devuelve 1
ramificación  1 tomada 1 (fallthrough)
ramificación  2 tomada 0 (throw)
        1:   17:    lista.push_back(Eze);
        1:   17-block  0
la llamada  0 devuelve 1
ramificación  1 tomada 1 (fallthrough)
ramificación  2 tomada 0 (throw)
        1:   18:    lista.push_back(Mvd);
        1:   18-block  0
la llamada  0 devuelve 1
ramificación  1 tomada 1 (fallthrough)
ramificación  2 tomada 0 (throw)
        1:   19:    lista.push_back(Scl);
        1:   19-block  0
la llamada  0 devuelve 1
ramificación  1 tomada 1 (fallthrough)
ramificación  2 tomada 0 (throw)
        1:   20:    lista.push_back(Ret2);
        1:   20-block  0
la llamada  0 devuelve 1
ramificación  1 tomada 1 (fallthrough)
ramificación  2 tomada 0 (throw)
        1:   21:    lista.push_back(Fco);
        1:   21-block  0
la llamada  0 devuelve 1
ramificación  1 tomada 1 (fallthrough)
ramificación  2 tomada 0 (throw)
        -:   22:
        -:   23:
        -:   24:
        1:   25:    TablaHashTerminales terminales(1000);
        1:   25-block  0
la llamada  0 devuelve 1
ramificación  1 tomada 1 (fallthrough)
ramificación  2 tomada 0 (throw)
        -:   26:
        1:   27:    terminales.insertarTerminal(Ret);
        1:   27-block  0
la llamada  0 devuelve 1
ramificación  1 tomada 1 (fallthrough)
ramificación  2 tomada 0 (throw)
        1:   28:    terminales.insertarTerminal(Eze);
        1:   28-block  0
la llamada  0 devuelve 1
ramificación  1 tomada 1 (fallthrough)
ramificación  2 tomada 0 (throw)
        1:   29:    terminales.insertarTerminal(Mvd);
        1:   29-block  0
la llamada  0 devuelve 1
ramificación  1 tomada 1 (fallthrough)
ramificación  2 tomada 0 (throw)
        1:   30:    terminales.insertarTerminal(Scl);
        1:   30-block  0
la llamada  0 devuelve 1
ramificación  1 tomada 1 (fallthrough)
ramificación  2 tomada 0 (throw)
        -:   31:
        -:   32:
        -:   33:
        1:   34:    return 0;
        1:   35:}
        1:   35-block  0
la llamada  0 devuelve 1
la llamada  1 devuelve 1
la llamada  2 devuelve 1
la llamada  3 devuelve 1
la llamada  4 devuelve 1
la llamada  5 devuelve 1
la llamada  6 devuelve 1
    $$$$$:   35-block  1
la llamada  7 nunca se ejecuta
    $$$$$:   35-block  2
la llamada  8 nunca se ejecuta
    $$$$$:   35-block  3
la llamada  9 nunca se ejecuta
    $$$$$:   35-block  4
la llamada 10 nunca se ejecuta
    $$$$$:   35-block  5
la llamada 11 nunca se ejecuta
    $$$$$:   35-block  6
la llamada 12 nunca se ejecuta
    $$$$$:   35-block  7
la llamada 13 nunca se ejecuta
