        -:    0:Source:/home/home/CLionProjects/estructurasDatos/Menu/Menu.cpp
        -:    0:Graph:/home/home/CLionProjects/estructurasDatos/cmake-build-debug-coverage/CMakeFiles/estructurasDatos.dir/Menu/Menu.cpp.gcno
        -:    0:Data:/home/home/CLionProjects/estructurasDatos/cmake-build-debug-coverage/CMakeFiles/estructurasDatos.dir/Menu/Menu.cpp.gcda
        -:    0:Runs:1
        -:    1://
        -:    2:// Created by home on 14/11/22.
        -:    3://
        -:    4:
        -:    5:#include "Menu.h"
        -:    6:#include <string>
        -:    7:#include <iostream>
        -:    8:#include <fstream>
        -:    9:
        -:   10:using namespace std;
        -:   11:
function _Z11leerArchivov called 0 returned 0% blocks executed 0%
    #####:   12:void leerArchivo() {
    #####:   13:    string linea;
    %%%%%:   13-block  0
la llamada  0 nunca se ejecuta
    #####:   14:    string nombreArchivo = "terminales.txt";
la llamada  0 nunca se ejecuta
la llamada  1 nunca se ejecuta
la ramificacion  2 nunca se ejecuta
la ramificacion  3 nunca se ejecuta
    %%%%%:   14-block  0
la llamada  4 nunca se ejecuta
    $$$$$:   14-block  1
la llamada  5 nunca se ejecuta
    $$$$$:   14-block  2
    #####:   15:    ifstream archivo (nombreArchivo);
la llamada  0 nunca se ejecuta
la ramificacion  1 nunca se ejecuta
la ramificacion  2 nunca se ejecuta
        -:   16:
    #####:   17:    getline(archivo, linea);
    %%%%%:   17-block  0
la llamada  0 nunca se ejecuta
la ramificacion  1 nunca se ejecuta
la ramificacion  2 nunca se ejecuta
    #####:   18:    cout << linea << endl;
    %%%%%:   18-block  0
la llamada  0 nunca se ejecuta
la ramificacion  1 nunca se ejecuta
la ramificacion  2 nunca se ejecuta
    %%%%%:   18-block  1
la llamada  3 nunca se ejecuta
la ramificacion  4 nunca se ejecuta
la ramificacion  5 nunca se ejecuta
        -:   19:
        -:   20:
        -:   21:
    #####:   22:}
    %%%%%:   22-block  0
la llamada  0 nunca se ejecuta
la llamada  1 nunca se ejecuta
la llamada  2 nunca se ejecuta
    $$$$$:   22-block  1
la llamada  3 nunca se ejecuta
    $$$$$:   22-block  2
la llamada  4 nunca se ejecuta
    $$$$$:   22-block  3
la llamada  5 nunca se ejecuta
