        -:    0:Source:/home/home/CLionProjects/estructurasDatos/ListaEnlazada/Nodo.cpp
        -:    0:Graph:/home/home/CLionProjects/estructurasDatos/cmake-build-debug-coverage/CMakeFiles/estructurasDatos.dir/ListaEnlazada/Nodo.cpp.gcno
        -:    0:Data:/home/home/CLionProjects/estructurasDatos/cmake-build-debug-coverage/CMakeFiles/estructurasDatos.dir/ListaEnlazada/Nodo.cpp.gcda
        -:    0:Runs:1
        -:    1://
        -:    2:// Created by home on 9/11/22.
        -:    3://
        -:    4:
        -:    5:#include "Nodo.h"
        -:    6:
function _ZN4NodoC2E4Dato called 0 returned 0% blocks executed 0%
    #####:    7:Nodo::Nodo(Dato dato) {
        -:    8:
    #####:    9:    this-> siguiente = nullptr;
    #####:   10:    this->dato = dato;
    #####:   11:}
        -:   12:
        -:   13:
        -:   14:
        -:   15:
