        -:    0:Source:/home/home/CLionProjects/estructurasDatos/Grafo/Vertice.cpp
        -:    0:Graph:/home/home/CLionProjects/estructurasDatos/cmake-build-debug-coverage/CMakeFiles/estructurasDatos.dir/Grafo/Vertice.cpp.gcno
        -:    0:Data:/home/home/CLionProjects/estructurasDatos/cmake-build-debug-coverage/CMakeFiles/estructurasDatos.dir/Grafo/Vertice.cpp.gcda
        -:    0:Runs:1
        -:    1://
        -:    2:// Created by home on 9/11/22.
        -:    3://
        -:    4:
        -:    5:#include "Vertice.h"
function _ZN7VerticeC2ENSt7__cxx1112basic_stringIcSt11char_traitsIcESaIcEEE called 0 returned 0% blocks executed 0%
    #####:    6:Vertice::Vertice(std::string _nombre) {
    %%%%%:    6-block  0
la llamada  0 nunca se ejecuta
    #####:    7:    nombre = _nombre;
la llamada  0 nunca se ejecuta
la ramificacion  1 nunca se ejecuta
la ramificacion  2 nunca se ejecuta
    #####:    8:    sig = nullptr;
    #####:    9:    arista = nullptr;
    #####:   10:}
    %%%%%:   10-block  0
    $$$$$:   10-block  1
la llamada  0 nunca se ejecuta
